<?xml version="1.0" encoding="UTF-8"?>
<!-- Generated by org.testng.reporters.JUnitReportReporter -->
<testsuite name="Demp_Mobile.Demp_Mobile.launchMyApp" tests="1" time="17.554" ignored="0" failures="0" timestamp="28 May 2020 13:43:53 GMT" skipped="0" hostname="BRM66894" errors="0">
  <testcase name="TC_01_Sum" time="17.554" classname="Demp_Mobile.Demp_Mobile.launchMyApp"/>
</testsuite> <!-- Demp_Mobile.Demp_Mobile.launchMyApp -->
