<?xml version="1.0" encoding="UTF-8"?>
<!-- Generated by org.testng.reporters.JUnitReportReporter -->
<testsuite name="Demp_Mobile.Demp_Mobile.contactsApp" tests="3" time="93.578" ignored="0" failures="0" timestamp="29 May 2020 01:18:21 GMT" skipped="0" hostname="BRM66894" errors="0">
  <testcase name="contacts_TC_01" time="18.229" classname="Demp_Mobile.Demp_Mobile.contactsApp"/>
  <testcase name="contacts_TC_03_swipe" time="20.694" classname="Demp_Mobile.Demp_Mobile.contactsApp"/>
  <testcase name="contacts_TC_02_scrollDown" time="54.655" classname="Demp_Mobile.Demp_Mobile.contactsApp"/>
</testsuite> <!-- Demp_Mobile.Demp_Mobile.contactsApp -->
